{"D:\\Estudio\\DESARROLLO\\PRUEBASUNITARIAS\\BDDEXAMPLES\\test-jest\\jest-cucumber\\cuenta.js": {"path":"D:\\Estudio\\DESARROLLO\\PRUEBASUNITARIAS\\BDDEXAMPLES\\test-jest\\jest-cucumber\\cuenta.js","all":false,"statementMap":{"0":{"start":{"line":1,"column":0},"end":{"line":1,"column":16}},"1":{"start":{"line":2,"column":0},"end":{"line":2,"column":11}},"2":{"start":{"line":3,"column":0},"end":{"line":3,"column":32}},"3":{"start":{"line":4,"column":0},"end":{"line":4,"column":33}},"4":{"start":{"line":5,"column":0},"end":{"line":5,"column":41}},"5":{"start":{"line":6,"column":0},"end":{"line":6,"column":18}},"6":{"start":{"line":7,"column":0},"end":{"line":7,"column":12}},"7":{"start":{"line":8,"column":0},"end":{"line":8,"column":28}},"8":{"start":{"line":9,"column":0},"end":{"line":9,"column":19}},"9":{"start":{"line":10,"column":0},"end":{"line":10,"column":5}},"10":{"start":{"line":11,"column":0},"end":{"line":11,"column":4}},"11":{"start":{"line":12,"column":0},"end":{"line":12,"column":34}},"12":{"start":{"line":13,"column":0},"end":{"line":13,"column":39}},"13":{"start":{"line":14,"column":0},"end":{"line":14,"column":22}},"14":{"start":{"line":15,"column":0},"end":{"line":15,"column":4}},"15":{"start":{"line":16,"column":0},"end":{"line":16,"column":2}},"16":{"start":{"line":17,"column":0},"end":{"line":17,"column":0}},"17":{"start":{"line":18,"column":0},"end":{"line":18,"column":24}}},"s":{"0":1,"1":1,"2":1,"3":1,"4":1,"5":1,"6":1,"7":0,"8":0,"9":0,"10":1,"11":1,"12":1,"13":1,"14":1,"15":1,"16":1,"17":1},"branchMap":{"0":{"type":"branch","line":3,"loc":{"start":{"line":3,"column":11},"end":{"line":11,"column":4}},"locations":[{"start":{"line":3,"column":11},"end":{"line":11,"column":4}}]},"1":{"type":"branch","line":7,"loc":{"start":{"line":7,"column":5},"end":{"line":10,"column":5}},"locations":[{"start":{"line":7,"column":5},"end":{"line":10,"column":5}}]},"2":{"type":"branch","line":12,"loc":{"start":{"line":12,"column":13},"end":{"line":15,"column":4}},"locations":[{"start":{"line":12,"column":13},"end":{"line":15,"column":4}}]}},"b":{"0":[1],"1":[0],"2":[1]},"fnMap":{"0":{"name":"retirar","decl":{"start":{"line":3,"column":11},"end":{"line":11,"column":4}},"loc":{"start":{"line":3,"column":11},"end":{"line":11,"column":4}},"line":3},"1":{"name":"depositar","decl":{"start":{"line":12,"column":13},"end":{"line":15,"column":4}},"loc":{"start":{"line":12,"column":13},"end":{"line":15,"column":4}},"line":12}},"f":{"0":1,"1":1}}
}
